This file contains any messages produced by compilers while
running configure, to aid debugging if configure makes a mistake.

It was created by MUMmer configure 4.0.0beta2, which was
generated by GNU Autoconf 2.69.  Invocation command line was

  $ ./configure --enable-python-binding --prefix=/home-3/karoraw1@jhu.edu/MUMer

## --------- ##
## Platform. ##
## --------- ##

hostname = login-node03
uname -m = x86_64
uname -r = 2.6.32-573.22.1.el6.x86_64
uname -s = Linux
uname -v = #1 SMP Wed Mar 23 03:35:39 UTC 2016

/usr/bin/uname -p = unknown
/bin/uname -X     = unknown

/bin/arch              = x86_64
/usr/bin/arch -k       = unknown
/usr/convex/getsysinfo = unknown
/usr/bin/hostinfo      = unknown
/bin/machine           = unknown
/usr/bin/oslevel       = unknown
/bin/universe          = unknown

PATH: /home-3/karoraw1@jhu.edu/scratch/miniconda2/bin
PATH: /home-3/karoraw1@jhu.edu/perl5/bin
PATH: /home-3/karoraw1@jhu.edu/work/kaw/lib/mothur
PATH: /home-3/karoraw1@jhu.edu/work/kaw/lib
PATH: /cm/shared/apps/slurm/current/sbin
PATH: /cm/shared/apps/slurm/current/bin
PATH: /cm/shared/apps/gcc/4.8.2/bin
PATH: /home-3/karoraw1@jhu.edu/work/kaw/lib/mothur
PATH: /home-3/karoraw1@jhu.edu/work/kaw/lib
PATH: /cm/shared/apps/perl/5.22.0/bin
PATH: /home-3/karoraw1@jhu.edu/work/kaw/lib/mothur
PATH: /home-3/karoraw1@jhu.edu/work/kaw/lib
PATH: /home-3/karoraw1@jhu.edu/work/kaw/lib/mothur
PATH: /home-3/karoraw1@jhu.edu/work/kaw/lib
PATH: /cm/shared/apps/binutils
PATH: /cm/shared/apps/Intel/R/3.2.0/bin
PATH: /cm/shared/apps/ruby/2.2.2/bin
PATH: /cm/shared/apps/git/2.6.4/bin
PATH: /cm/shared/apps/Intel/python/2.7.10/bin
PATH: /cm/shared/apps/velvet/1.2.10/bin
PATH: /cm/shared/apps/MATLAB/R2015a/bin
PATH: /cm/shared/apps/Intel/openmpi/1.8.4/bin
PATH: /cm/shared/apps/binutils/2.25/src/bin
PATH: /cm/shared/apps/parallel_studio_xe_2015_update2/composer_xe_2015.2.164/bin/intel64
PATH: /usr/lib64/qt-3.3/bin
PATH: /usr/local/bin
PATH: /bin
PATH: /usr/bin
PATH: /usr/local/sbin
PATH: /usr/sbin
PATH: /sbin
PATH: /opt/ibutils/bin
PATH: /sbin
PATH: /usr/sbin
PATH: /opt/dell/srvadmin/bin
PATH: /home-3/karoraw1@jhu.edu/bin
PATH: /home-3/karoraw1@jhu.edu/.local/bin
PATH: /home-3/karoraw1@jhu.edu/.local/lib
PATH: /home-3/karoraw1@jhu.edu/.local/bbmap
PATH: /home-3/karoraw1@jhu.edu/work/kaw/CompGenomicsFinalProject
PATH: /home-3/karoraw1@jhu.edu/work/kaw/lib/RDPTools
PATH: /home-3/karoraw1@jhu.edu/.local/lib/python2.7/site-packages
PATH: /home-3/karoraw1@jhu.edu
PATH: /home-3/karoraw1@jhu.edu/work/kaw/lib/genome_finder
PATH: /home-3/karoraw1@jhu.edu/bin
PATH: /home-3/karoraw1@jhu.edu/work/kaw/lib/genome_finder/infernal-1.1.1/src
PATH: /home-3/karoraw1@jhu.edu/work/kaw/lib/genome_finder/pplacer-Linux-v1.1.alpha17
PATH: /home-3/karoraw1@jhu.edu/work/kaw/lib/genome_finder/standard-RAxML
PATH: /home-3/karoraw1@jhu.edu/work/kaw/lib/ptools-local
PATH: /home-3/karoraw1@jhu.edu/work/kaw/lib/pathway-tools
PATH: /home-3/karoraw1@jhu.edu/work/kaw/lib/sublime_text_3
PATH: /home-3/karoraw1@jhu.edu/work/kaw/lib/genome_finder/infernal-1.1.1/src/src/impl_sse
PATH: /scratch/groups/t-sprehei1/kaw/lib/CFF-master/.
PATH: /home-3/karoraw1@jhu.edu/work/kaw/lib/CFF-master
PATH: /scratch/groups/t-sprehei1/kaw/lib/CFF-master/.
PATH: /home-3/karoraw1@jhu.edu/lib/perl5/x86_64-linux/Sys
PATH: /home-3/karoraw1@jhu.edu/work/kaw/lib/CFF-master/
PATH: /scratch/groups/t-sprehei1/kaw/lib/CFF-master/.
PATH: /home-3/karoraw1@jhu.edu/lib/perl5/x86_64-linux/Sys
PATH: /home-3/karoraw1@jhu.edu/lib/perl5/x86_64-linux/Math
PATH: /sbin
PATH: /usr/sbin
PATH: /home-3/karoraw1@jhu.edu/perl5/lib/perl5/IO/Pipe
PATH: /home-3/karoraw1@jhu.edu/lib/perl5/x86_64-linux/Unix/Processors
PATH: /home-3/karoraw1@jhu.edu/lib/perl5/x86_64-linux/Unix
PATH: .
PATH: /home-3/karoraw1@jhu.edu/perl5/lib/perl5/x86_64-linux-thread-multi/Unix/
PATH: /home-3/karoraw1@jhu.edu/lib/perl5/x86_64-linux/Sys
PATH: /home-3/karoraw1@jhu.edu/lib/perl5/x86_64-linux/Math
PATH: /home-3/karoraw1@jhu.edu/perl5/lib/perl5/x86_64-linux-thread-multi
PATH: /home-3/karoraw1@jhu.edu/bin
PATH: /home-3/karoraw1@jhu.edu/.local/bin
PATH: /home-3/karoraw1@jhu.edu/.local/lib
PATH: /home-3/karoraw1@jhu.edu/.local/bbmap
PATH: /home-3/karoraw1@jhu.edu/work/kaw/CompGenomicsFinalProject
PATH: /home-3/karoraw1@jhu.edu/work/kaw/lib/RDPTools
PATH: /home-3/karoraw1@jhu.edu/.local/lib/python2.7/site-packages
PATH: /home-3/karoraw1@jhu.edu
PATH: /home-3/karoraw1@jhu.edu/work/kaw/lib/forkedDir/genome_finder
PATH: /home-3/karoraw1@jhu.edu/TrimGalore-0.4.5
PATH: /home-3/karoraw1@jhu.edu/bin
PATH: /home-3/karoraw1@jhu.edu/work/kaw/lib/pandaseq/libtool-2.4.2
PATH: /home-3/karoraw1@jhu.edu/work/kaw/lib/pandaseq/libtool-2.4.2/include/
PATH: /home-3/karoraw1@jhu.edu/work/kaw/lib/genome_finder/infernal-1.1.1/easel
PATH: /home-3/karoraw1@jhu.edu/work/kaw/lib/genome_finder/infernal-1.1.1/easel/miniapps
PATH: /home-3/karoraw1@jhu.edu/work/kaw/lib/genome_finder/infernal-1.1.1/src
PATH: /home-3/karoraw1@jhu.edu/work/kaw/lib/genome_finder/pplacer-Linux-v1.1.alpha17
PATH: /home-3/karoraw1@jhu.edu/work/kaw/lib/genome_finder/standard-RAxML
PATH: /home-3/karoraw1@jhu.edu/work/kaw/lib/ptools-local
PATH: /home-3/karoraw1@jhu.edu/work/kaw/lib/pathway-tools
PATH: /home-3/karoraw1@jhu.edu/work/kaw/lib/sublime_text_3
PATH: /home-3/karoraw1@jhu.edu/work/kaw/germs_tutorial/fastx_toolkit-0.0.14/build/bin
PATH: /home-3/karoraw1@jhu.edu/work/kaw/lib/hmmer-3.1b2-linux-intel-x86_64/binaries
PATH: /home-3/karoraw1@jhu.edu/bedtools2/bin
PATH: /home-3/karoraw1@jhu.edu/hmmer-3.1b2/bin/
PATH: /home-3/karoraw1@jhu.edu/scratch/miniconda2/envs/metawrap2-env/bin
PATH: /home-3/karoraw1@jhu.edu/scratch/miniconda2/envs/metawrap2-env/bin/metawrap-modules
PATH: /data/sprehei1/eggnog-mapper
PATH: /home-3/karoraw1@jhu.edu/.aspera/cli/bin
PATH: /home-3/karoraw1@jhu.edu/perl5/bin
PATH: /home-3/karoraw1@jhu.edu/work/kaw/lib/mothur
PATH: /home-3/karoraw1@jhu.edu/work/kaw/lib
PATH: /cm/shared/apps/slurm/current/sbin
PATH: /cm/shared/apps/slurm/current/bin
PATH: /cm/shared/apps/gcc/4.8.2/bin
PATH: /home-3/karoraw1@jhu.edu/work/kaw/lib/mothur
PATH: /home-3/karoraw1@jhu.edu/work/kaw/lib
PATH: /cm/shared/apps/perl/5.22.0/bin
PATH: /home-3/karoraw1@jhu.edu/work/kaw/lib/mothur
PATH: /home-3/karoraw1@jhu.edu/work/kaw/lib
PATH: /home-3/karoraw1@jhu.edu/work/kaw/lib/mothur
PATH: /home-3/karoraw1@jhu.edu/work/kaw/lib
PATH: /cm/shared/apps/binutils
PATH: /cm/shared/apps/Intel/R/3.2.0/bin
PATH: /cm/shared/apps/ruby/2.2.2/bin
PATH: /cm/shared/apps/git/2.6.4/bin
PATH: /cm/shared/apps/Intel/python/2.7.10/bin
PATH: /cm/shared/apps/velvet/1.2.10/bin
PATH: /cm/shared/apps/MATLAB/R2015a/bin
PATH: /cm/shared/apps/Intel/openmpi/1.8.4/bin
PATH: /cm/shared/apps/binutils/2.25/src/bin
PATH: /cm/shared/apps/parallel_studio_xe_2015_update2/composer_xe_2015.2.164/bin/intel64
PATH: /usr/lib64/qt-3.3/bin
PATH: /usr/local/bin
PATH: /bin
PATH: /usr/bin
PATH: /usr/local/sbin
PATH: /usr/sbin
PATH: /sbin
PATH: /opt/ibutils/bin
PATH: /sbin
PATH: /usr/sbin
PATH: /opt/dell/srvadmin/bin
PATH: /home-3/karoraw1@jhu.edu/bin
PATH: /home-3/karoraw1@jhu.edu/.local/bin
PATH: /home-3/karoraw1@jhu.edu/.local/lib
PATH: /home-3/karoraw1@jhu.edu/.local/bbmap
PATH: /home-3/karoraw1@jhu.edu/work/kaw/CompGenomicsFinalProject
PATH: /home-3/karoraw1@jhu.edu/work/kaw/lib/RDPTools
PATH: /home-3/karoraw1@jhu.edu/.local/lib/python2.7/site-packages
PATH: /home-3/karoraw1@jhu.edu
PATH: /home-3/karoraw1@jhu.edu/work/kaw/lib/genome_finder
PATH: /home-3/karoraw1@jhu.edu/bin
PATH: /home-3/karoraw1@jhu.edu/work/kaw/lib/genome_finder/infernal-1.1.1/src
PATH: /home-3/karoraw1@jhu.edu/work/kaw/lib/genome_finder/pplacer-Linux-v1.1.alpha17
PATH: /home-3/karoraw1@jhu.edu/work/kaw/lib/genome_finder/standard-RAxML
PATH: /home-3/karoraw1@jhu.edu/work/kaw/lib/ptools-local
PATH: /home-3/karoraw1@jhu.edu/work/kaw/lib/pathway-tools
PATH: /home-3/karoraw1@jhu.edu/work/kaw/lib/sublime_text_3
PATH: /home-3/karoraw1@jhu.edu/work/kaw/lib/genome_finder/infernal-1.1.1/src/src/impl_sse
PATH: /scratch/groups/t-sprehei1/kaw/lib/CFF-master/.
PATH: /home-3/karoraw1@jhu.edu/work/kaw/lib/CFF-master
PATH: /scratch/groups/t-sprehei1/kaw/lib/CFF-master/.
PATH: /home-3/karoraw1@jhu.edu/lib/perl5/x86_64-linux/Sys
PATH: /home-3/karoraw1@jhu.edu/work/kaw/lib/CFF-master/
PATH: /scratch/groups/t-sprehei1/kaw/lib/CFF-master/.
PATH: /home-3/karoraw1@jhu.edu/lib/perl5/x86_64-linux/Sys
PATH: /home-3/karoraw1@jhu.edu/lib/perl5/x86_64-linux/Math
PATH: /sbin
PATH: /usr/sbin
PATH: /home-3/karoraw1@jhu.edu/perl5/lib/perl5/IO/Pipe
PATH: /home-3/karoraw1@jhu.edu/lib/perl5/x86_64-linux/Unix/Processors
PATH: /home-3/karoraw1@jhu.edu/lib/perl5/x86_64-linux/Unix
PATH: .
PATH: /home-3/karoraw1@jhu.edu/perl5/lib/perl5/x86_64-linux-thread-multi/Unix/
PATH: /home-3/karoraw1@jhu.edu/lib/perl5/x86_64-linux/Sys
PATH: /home-3/karoraw1@jhu.edu/lib/perl5/x86_64-linux/Math
PATH: /home-3/karoraw1@jhu.edu/perl5/lib/perl5/x86_64-linux-thread-multi
PATH: /home-3/karoraw1@jhu.edu/bin
PATH: /home-3/karoraw1@jhu.edu/.local/bin
PATH: /home-3/karoraw1@jhu.edu/.local/lib
PATH: /home-3/karoraw1@jhu.edu/.local/bbmap
PATH: /home-3/karoraw1@jhu.edu/work/kaw/CompGenomicsFinalProject
PATH: /home-3/karoraw1@jhu.edu/work/kaw/lib/RDPTools
PATH: /home-3/karoraw1@jhu.edu/.local/lib/python2.7/site-packages
PATH: /home-3/karoraw1@jhu.edu
PATH: /home-3/karoraw1@jhu.edu/work/kaw/lib/forkedDir/genome_finder
PATH: /home-3/karoraw1@jhu.edu/bin
PATH: /home-3/karoraw1@jhu.edu/work/kaw/lib/pandaseq/libtool-2.4.2
PATH: /home-3/karoraw1@jhu.edu/work/kaw/lib/pandaseq/libtool-2.4.2/include/
PATH: /home-3/karoraw1@jhu.edu/work/kaw/lib/genome_finder/infernal-1.1.1/easel
PATH: /home-3/karoraw1@jhu.edu/work/kaw/lib/genome_finder/infernal-1.1.1/easel/miniapps
PATH: /home-3/karoraw1@jhu.edu/work/kaw/lib/genome_finder/infernal-1.1.1/src
PATH: /home-3/karoraw1@jhu.edu/work/kaw/lib/genome_finder/pplacer-Linux-v1.1.alpha17
PATH: /home-3/karoraw1@jhu.edu/work/kaw/lib/genome_finder/standard-RAxML
PATH: /home-3/karoraw1@jhu.edu/work/kaw/lib/ptools-local
PATH: /home-3/karoraw1@jhu.edu/work/kaw/lib/pathway-tools
PATH: /home-3/karoraw1@jhu.edu/work/kaw/lib/sublime_text_3
PATH: /home-3/karoraw1@jhu.edu/work/kaw/germs_tutorial/fastx_toolkit-0.0.14/build/bin
PATH: /home-3/karoraw1@jhu.edu/work/kaw/lib/hmmer-3.1b2-linux-intel-x86_64/binaries
PATH: /home-3/karoraw1@jhu.edu/bedtools2/bin
PATH: /home-3/karoraw1@jhu.edu/work/kaw/GLM_Wrapper/GLM_Executables/GLM_Source/netcdf-c-4.4.1/libsrc
PATH: /home-3/karoraw1@jhu.edu/bedtools2/bin
PATH: /home-3/karoraw1@jhu.edu/work/sprehei1/Keith_Files/kaw/CENTRIFUGE/centrifuge
PATH: /home-3/karoraw1@jhu.edu/Prodigal
PATH: /home-3/karoraw1@jhu.edu/work/kaw/GLM_Wrapper/GLM_Executables/GLM_Source/netcdf-c-4.4.1/libsrc
PATH: /home-3/karoraw1@jhu.edu/sratoolkit.2.8.2-1-centos_linux64/bin
PATH: /home-3/karoraw1@jhu.edu/gfaview/misc


## ----------- ##
## Core tests. ##
## ----------- ##

configure:2422: checking build system type
configure:2436: result: x86_64-pc-linux-gnu
configure:2456: checking host system type
configure:2469: result: x86_64-pc-linux-gnu
configure:2506: checking for a BSD-compatible install
configure:2574: result: /usr/bin/install -c
configure:2585: checking whether build environment is sane
configure:2640: result: yes
configure:2791: checking for a thread-safe mkdir -p
configure:2830: result: /bin/mkdir -p
configure:2837: checking for gawk
configure:2853: found /bin/gawk
configure:2864: result: gawk
configure:2875: checking whether make sets $(MAKE)
configure:2897: result: yes
configure:2926: checking whether make supports nested variables
configure:2943: result: yes
configure:3080: checking whether make supports nested variables
configure:3097: result: yes
configure:3157: checking how to print strings
configure:3184: result: printf
configure:3217: checking for style of include used by make
configure:3245: result: GNU
configure:3316: checking for gcc
configure:3332: found /cm/shared/apps/gcc/4.8.2/bin/gcc
configure:3343: result: gcc
configure:3572: checking for C compiler version
configure:3581: gcc --version >&5
gcc (GCC) 4.8.2
Copyright (C) 2013 Free Software Foundation, Inc.
This is free software; see the source for copying conditions.  There is NO
warranty; not even for MERCHANTABILITY or FITNESS FOR A PARTICULAR PURPOSE.

configure:3592: $? = 0
configure:3581: gcc -v >&5
Using built-in specs.
COLLECT_GCC=gcc
COLLECT_LTO_WRAPPER=/cm/shared/apps/gcc/4.8.2/libexec/gcc/x86_64-unknown-linux-gnu/4.8.2/lto-wrapper
Target: x86_64-unknown-linux-gnu
Configured with: ../gcc-4.8.2/configure --prefix=/cm/shared/apps/gcc/4.8.2 --enable-languages=c,c++,fortran --with-gmp-include=/root/rpmbuild/BUILD/gcc-4.8.2-obj/../gcc-4.8.2/our-gmp --with-gmp-lib=/root/rpmbuild/BUILD/gcc-4.8.2-obj/../gcc-4.8.2/our-gmp/.libs --with-mpc-include=/root/rpmbuild/BUILD/gcc-4.8.2-obj/../gcc-4.8.2/our-mpc/src --with-mpc-lib=/root/rpmbuild/BUILD/gcc-4.8.2-obj/../gcc-4.8.2/our-mpc/src/.libs --with-mpfr-include=/root/rpmbuild/BUILD/gcc-4.8.2-obj/../gcc-4.8.2/our-mpfr/src --with-mpfr-lib=/root/rpmbuild/BUILD/gcc-4.8.2-obj/../gcc-4.8.2/our-mpfr/src/.libs
Thread model: posix
gcc version 4.8.2 (GCC) 
configure:3592: $? = 0
configure:3581: gcc -V >&5
gcc: error: unrecognized command line option '-V'
gcc: fatal error: no input files
compilation terminated.
configure:3592: $? = 1
configure:3581: gcc -qversion >&5
gcc: error: unrecognized command line option '-qversion'
gcc: fatal error: no input files
compilation terminated.
configure:3592: $? = 1
configure:3612: checking whether the C compiler works
configure:3634: gcc    conftest.c  >&5
configure:3638: $? = 0
configure:3686: result: yes
configure:3689: checking for C compiler default output file name
configure:3691: result: a.out
configure:3697: checking for suffix of executables
configure:3704: gcc -o conftest    conftest.c  >&5
configure:3708: $? = 0
configure:3730: result: 
configure:3752: checking whether we are cross compiling
configure:3760: gcc -o conftest    conftest.c  >&5
configure:3764: $? = 0
configure:3771: ./conftest
configure:3775: $? = 0
configure:3790: result: no
configure:3795: checking for suffix of object files
configure:3817: gcc -c   conftest.c >&5
configure:3821: $? = 0
configure:3842: result: o
configure:3846: checking whether we are using the GNU C compiler
configure:3865: gcc -c   conftest.c >&5
configure:3865: $? = 0
configure:3874: result: yes
configure:3883: checking whether gcc accepts -g
configure:3903: gcc -c -g  conftest.c >&5
configure:3903: $? = 0
configure:3944: result: yes
configure:3961: checking for gcc option to accept ISO C89
configure:4024: gcc  -c -g -O2  conftest.c >&5
configure:4024: $? = 0
configure:4037: result: none needed
configure:4062: checking whether gcc understands -c and -o together
configure:4084: gcc -c conftest.c -o conftest2.o
configure:4087: $? = 0
configure:4084: gcc -c conftest.c -o conftest2.o
configure:4087: $? = 0
configure:4099: result: yes
configure:4118: checking dependency style of gcc
configure:4229: result: gcc3
configure:4244: checking for a sed that does not truncate output
configure:4308: result: /bin/sed
configure:4326: checking for grep that handles long lines and -e
configure:4384: result: /bin/grep
configure:4389: checking for egrep
configure:4451: result: /bin/grep -E
configure:4456: checking for fgrep
configure:4518: result: /bin/grep -F
configure:4553: checking for ld used by gcc
configure:4620: result: /cm/shared/apps/binutils/2.25/src/bin/ld
configure:4627: checking if the linker (/cm/shared/apps/binutils/2.25/src/bin/ld) is GNU ld
configure:4642: result: yes
configure:4654: checking for BSD- or MS-compatible name lister (nm)
configure:4708: result: /cm/shared/apps/binutils/2.25/src/bin/nm -B
configure:4838: checking the name lister (/cm/shared/apps/binutils/2.25/src/bin/nm -B) interface
configure:4845: gcc -c -g -O2  conftest.c >&5
configure:4848: /cm/shared/apps/binutils/2.25/src/bin/nm -B "conftest.o"
configure:4851: output
0000000000000000 B some_variable
configure:4858: result: BSD nm
configure:4861: checking whether ln -s works
configure:4865: result: yes
configure:4873: checking the maximum length of command line arguments
configure:5004: result: 3458764513820540925
configure:5052: checking how to convert x86_64-pc-linux-gnu file names to x86_64-pc-linux-gnu format
configure:5092: result: func_convert_file_noop
configure:5099: checking how to convert x86_64-pc-linux-gnu file names to toolchain format
configure:5119: result: func_convert_file_noop
configure:5126: checking for /cm/shared/apps/binutils/2.25/src/bin/ld option to reload object files
configure:5133: result: -r
configure:5207: checking for objdump
configure:5223: found /cm/shared/apps/binutils/2.25/src/bin/objdump
configure:5234: result: objdump
configure:5266: checking how to recognize dependent libraries
configure:5466: result: pass_all
configure:5551: checking for dlltool
configure:5581: result: no
configure:5611: checking how to associate runtime and link libraries
configure:5638: result: printf %s\n
configure:5699: checking for ar
configure:5715: found /cm/shared/apps/binutils/2.25/src/bin/ar
configure:5726: result: ar
configure:5779: checking for archiver @FILE support
configure:5796: gcc -c -g -O2  conftest.c >&5
configure:5796: $? = 0
configure:5799: ar cr libconftest.a @conftest.lst >&5
configure:5802: $? = 0
configure:5807: ar cr libconftest.a @conftest.lst >&5
ar: conftest.o: No such file or directory
configure:5810: $? = 1
configure:5822: result: @
configure:5880: checking for strip
configure:5896: found /cm/shared/apps/binutils/2.25/src/bin/strip
configure:5907: result: strip
configure:5979: checking for ranlib
configure:5995: found /cm/shared/apps/binutils/2.25/src/bin/ranlib
configure:6006: result: ranlib
configure:6108: checking command to parse /cm/shared/apps/binutils/2.25/src/bin/nm -B output from gcc object
configure:6261: gcc -c -g -O2  conftest.c >&5
configure:6264: $? = 0
configure:6268: /cm/shared/apps/binutils/2.25/src/bin/nm -B conftest.o \| sed -n -e 's/^.*[ ]\([ABCDGIRSTW][ABCDGIRSTW]*\)[ ][ ]*\([_A-Za-z][_A-Za-z0-9]*\)$/\1 \2 \2/p' | sed '/ __gnu_lto/d' \> conftest.nm
configure:6271: $? = 0
configure:6337: gcc -o conftest -g -O2   conftest.c conftstm.o >&5
configure:6340: $? = 0
configure:6378: result: ok
configure:6425: checking for sysroot
configure:6455: result: no
configure:6462: checking for a working dd
configure:6500: result: /bin/dd
configure:6504: checking how to truncate binary pipes
configure:6519: result: /bin/dd bs=4096 count=1
configure:6655: gcc -c -g -O2  conftest.c >&5
configure:6658: $? = 0
configure:6848: checking for mt
configure:6878: result: no
configure:6898: checking if : is a manifest tool
configure:6904: : '-?'
configure:6912: result: no
configure:7589: checking how to run the C preprocessor
configure:7620: gcc -E  conftest.c
configure:7620: $? = 0
configure:7634: gcc -E  conftest.c
conftest.c:11:28: fatal error: ac_nonexistent.h: No such file or directory
 #include <ac_nonexistent.h>
                            ^
compilation terminated.
configure:7634: $? = 1
configure: failed program was:
| /* confdefs.h */
| #define PACKAGE_NAME "MUMmer"
| #define PACKAGE_TARNAME "mummer"
| #define PACKAGE_VERSION "4.0.0beta2"
| #define PACKAGE_STRING "MUMmer 4.0.0beta2"
| #define PACKAGE_BUGREPORT "gmarcais@umd.edu"
| #define PACKAGE_URL ""
| #define PACKAGE "mummer"
| #define VERSION "4.0.0beta2"
| /* end confdefs.h.  */
| #include <ac_nonexistent.h>
configure:7659: result: gcc -E
configure:7679: gcc -E  conftest.c
configure:7679: $? = 0
configure:7693: gcc -E  conftest.c
conftest.c:11:28: fatal error: ac_nonexistent.h: No such file or directory
 #include <ac_nonexistent.h>
                            ^
compilation terminated.
configure:7693: $? = 1
configure: failed program was:
| /* confdefs.h */
| #define PACKAGE_NAME "MUMmer"
| #define PACKAGE_TARNAME "mummer"
| #define PACKAGE_VERSION "4.0.0beta2"
| #define PACKAGE_STRING "MUMmer 4.0.0beta2"
| #define PACKAGE_BUGREPORT "gmarcais@umd.edu"
| #define PACKAGE_URL ""
| #define PACKAGE "mummer"
| #define VERSION "4.0.0beta2"
| /* end confdefs.h.  */
| #include <ac_nonexistent.h>
configure:7722: checking for ANSI C header files
configure:7742: gcc -c -g -O2  conftest.c >&5
configure:7742: $? = 0
configure:7815: gcc -o conftest -g -O2   conftest.c  >&5
configure:7815: $? = 0
configure:7815: ./conftest
configure:7815: $? = 0
configure:7826: result: yes
configure:7839: checking for sys/types.h
configure:7839: gcc -c -g -O2  conftest.c >&5
configure:7839: $? = 0
configure:7839: result: yes
configure:7839: checking for sys/stat.h
configure:7839: gcc -c -g -O2  conftest.c >&5
configure:7839: $? = 0
configure:7839: result: yes
configure:7839: checking for stdlib.h
configure:7839: gcc -c -g -O2  conftest.c >&5
configure:7839: $? = 0
configure:7839: result: yes
configure:7839: checking for string.h
configure:7839: gcc -c -g -O2  conftest.c >&5
configure:7839: $? = 0
configure:7839: result: yes
configure:7839: checking for memory.h
configure:7839: gcc -c -g -O2  conftest.c >&5
configure:7839: $? = 0
configure:7839: result: yes
configure:7839: checking for strings.h
configure:7839: gcc -c -g -O2  conftest.c >&5
configure:7839: $? = 0
configure:7839: result: yes
configure:7839: checking for inttypes.h
configure:7839: gcc -c -g -O2  conftest.c >&5
configure:7839: $? = 0
configure:7839: result: yes
configure:7839: checking for stdint.h
configure:7839: gcc -c -g -O2  conftest.c >&5
configure:7839: $? = 0
configure:7839: result: yes
configure:7839: checking for unistd.h
configure:7839: gcc -c -g -O2  conftest.c >&5
configure:7839: $? = 0
configure:7839: result: yes
configure:7853: checking for dlfcn.h
configure:7853: gcc -c -g -O2  conftest.c >&5
configure:7853: $? = 0
configure:7853: result: yes
configure:8109: checking for objdir
configure:8124: result: .libs
configure:8388: checking if gcc supports -fno-rtti -fno-exceptions
configure:8406: gcc -c -g -O2  -fno-rtti -fno-exceptions conftest.c >&5
cc1: warning: command line option '-fno-rtti' is valid for C++/ObjC++ but not for C [enabled by default]
configure:8410: $? = 0
configure:8423: result: no
configure:8781: checking for gcc option to produce PIC
configure:8788: result: -fPIC -DPIC
configure:8796: checking if gcc PIC flag -fPIC -DPIC works
configure:8814: gcc -c -g -O2  -fPIC -DPIC -DPIC conftest.c >&5
configure:8818: $? = 0
configure:8831: result: yes
configure:8860: checking if gcc static flag -static works
configure:8888: result: no
configure:8903: checking if gcc supports -c -o file.o
configure:8924: gcc -c -g -O2  -o out/conftest2.o conftest.c >&5
configure:8928: $? = 0
configure:8950: result: yes
configure:8958: checking if gcc supports -c -o file.o
configure:9005: result: yes
configure:9038: checking whether the gcc linker (/cm/shared/apps/binutils/2.25/src/bin/ld -m elf_x86_64) supports shared libraries
configure:10299: result: yes
configure:10336: checking whether -lc should be explicitly linked in
configure:10344: gcc -c -g -O2  conftest.c >&5
configure:10347: $? = 0
configure:10362: gcc -shared  -fPIC -DPIC conftest.o  -v -Wl,-soname -Wl,conftest -o conftest 2\>\&1 \| /bin/grep  -lc  \>/dev/null 2\>\&1
configure:10365: $? = 0
configure:10379: result: no
configure:10539: checking dynamic linker characteristics
configure:11120: gcc -o conftest -g -O2   -Wl,-rpath -Wl,/foo conftest.c  >&5
configure:11120: $? = 0
configure:11357: result: GNU/Linux ld.so
configure:11479: checking how to hardcode library paths into programs
configure:11504: result: immediate
configure:12052: checking whether stripping libraries is possible
configure:12061: result: yes
configure:12103: checking if libtool supports shared libraries
configure:12105: result: yes
configure:12108: checking whether to build shared libraries
configure:12133: result: yes
configure:12136: checking whether to build static libraries
configure:12140: result: yes
configure:12248: checking for g++
configure:12264: found /cm/shared/apps/gcc/4.8.2/bin/g++
configure:12275: result: g++
configure:12302: checking for C++ compiler version
configure:12311: g++ --version >&5
g++ (GCC) 4.8.2
Copyright (C) 2013 Free Software Foundation, Inc.
This is free software; see the source for copying conditions.  There is NO
warranty; not even for MERCHANTABILITY or FITNESS FOR A PARTICULAR PURPOSE.

configure:12322: $? = 0
configure:12311: g++ -v >&5
Using built-in specs.
COLLECT_GCC=g++
COLLECT_LTO_WRAPPER=/cm/shared/apps/gcc/4.8.2/libexec/gcc/x86_64-unknown-linux-gnu/4.8.2/lto-wrapper
Target: x86_64-unknown-linux-gnu
Configured with: ../gcc-4.8.2/configure --prefix=/cm/shared/apps/gcc/4.8.2 --enable-languages=c,c++,fortran --with-gmp-include=/root/rpmbuild/BUILD/gcc-4.8.2-obj/../gcc-4.8.2/our-gmp --with-gmp-lib=/root/rpmbuild/BUILD/gcc-4.8.2-obj/../gcc-4.8.2/our-gmp/.libs --with-mpc-include=/root/rpmbuild/BUILD/gcc-4.8.2-obj/../gcc-4.8.2/our-mpc/src --with-mpc-lib=/root/rpmbuild/BUILD/gcc-4.8.2-obj/../gcc-4.8.2/our-mpc/src/.libs --with-mpfr-include=/root/rpmbuild/BUILD/gcc-4.8.2-obj/../gcc-4.8.2/our-mpfr/src --with-mpfr-lib=/root/rpmbuild/BUILD/gcc-4.8.2-obj/../gcc-4.8.2/our-mpfr/src/.libs
Thread model: posix
gcc version 4.8.2 (GCC) 
configure:12322: $? = 0
configure:12311: g++ -V >&5
g++: error: unrecognized command line option '-V'
g++: fatal error: no input files
compilation terminated.
configure:12322: $? = 1
configure:12311: g++ -qversion >&5
g++: error: unrecognized command line option '-qversion'
g++: fatal error: no input files
compilation terminated.
configure:12322: $? = 1
configure:12326: checking whether we are using the GNU C++ compiler
configure:12345: g++ -c   conftest.cpp >&5
configure:12345: $? = 0
configure:12354: result: yes
configure:12363: checking whether g++ accepts -g
configure:12383: g++ -c -g  conftest.cpp >&5
configure:12383: $? = 0
configure:12424: result: yes
configure:12449: checking dependency style of g++
configure:12560: result: gcc3
configure:12593: checking how to run the C++ preprocessor
configure:12620: g++ -E  conftest.cpp
configure:12620: $? = 0
configure:12634: g++ -E  conftest.cpp
conftest.cpp:23:28: fatal error: ac_nonexistent.h: No such file or directory
 #include <ac_nonexistent.h>
                            ^
compilation terminated.
configure:12634: $? = 1
configure: failed program was:
| /* confdefs.h */
| #define PACKAGE_NAME "MUMmer"
| #define PACKAGE_TARNAME "mummer"
| #define PACKAGE_VERSION "4.0.0beta2"
| #define PACKAGE_STRING "MUMmer 4.0.0beta2"
| #define PACKAGE_BUGREPORT "gmarcais@umd.edu"
| #define PACKAGE_URL ""
| #define PACKAGE "mummer"
| #define VERSION "4.0.0beta2"
| #define STDC_HEADERS 1
| #define HAVE_SYS_TYPES_H 1
| #define HAVE_SYS_STAT_H 1
| #define HAVE_STDLIB_H 1
| #define HAVE_STRING_H 1
| #define HAVE_MEMORY_H 1
| #define HAVE_STRINGS_H 1
| #define HAVE_INTTYPES_H 1
| #define HAVE_STDINT_H 1
| #define HAVE_UNISTD_H 1
| #define HAVE_DLFCN_H 1
| #define LT_OBJDIR ".libs/"
| /* end confdefs.h.  */
| #include <ac_nonexistent.h>
configure:12659: result: g++ -E
configure:12679: g++ -E  conftest.cpp
configure:12679: $? = 0
configure:12693: g++ -E  conftest.cpp
conftest.cpp:23:28: fatal error: ac_nonexistent.h: No such file or directory
 #include <ac_nonexistent.h>
                            ^
compilation terminated.
configure:12693: $? = 1
configure: failed program was:
| /* confdefs.h */
| #define PACKAGE_NAME "MUMmer"
| #define PACKAGE_TARNAME "mummer"
| #define PACKAGE_VERSION "4.0.0beta2"
| #define PACKAGE_STRING "MUMmer 4.0.0beta2"
| #define PACKAGE_BUGREPORT "gmarcais@umd.edu"
| #define PACKAGE_URL ""
| #define PACKAGE "mummer"
| #define VERSION "4.0.0beta2"
| #define STDC_HEADERS 1
| #define HAVE_SYS_TYPES_H 1
| #define HAVE_SYS_STAT_H 1
| #define HAVE_STDLIB_H 1
| #define HAVE_STRING_H 1
| #define HAVE_MEMORY_H 1
| #define HAVE_STRINGS_H 1
| #define HAVE_INTTYPES_H 1
| #define HAVE_STDINT_H 1
| #define HAVE_UNISTD_H 1
| #define HAVE_DLFCN_H 1
| #define LT_OBJDIR ".libs/"
| /* end confdefs.h.  */
| #include <ac_nonexistent.h>
configure:12855: checking for ld used by g++
configure:12922: result: /cm/shared/apps/binutils/2.25/src/bin/ld -m elf_x86_64
configure:12929: checking if the linker (/cm/shared/apps/binutils/2.25/src/bin/ld -m elf_x86_64) is GNU ld
configure:12944: result: yes
configure:12999: checking whether the g++ linker (/cm/shared/apps/binutils/2.25/src/bin/ld -m elf_x86_64) supports shared libraries
configure:14073: result: yes
configure:14109: g++ -c -g -O2  conftest.cpp >&5
configure:14112: $? = 0
configure:14593: checking for g++ option to produce PIC
configure:14600: result: -fPIC -DPIC
configure:14608: checking if g++ PIC flag -fPIC -DPIC works
configure:14626: g++ -c -g -O2  -fPIC -DPIC -DPIC conftest.cpp >&5
configure:14630: $? = 0
configure:14643: result: yes
configure:14666: checking if g++ static flag -static works
configure:14694: result: no
configure:14706: checking if g++ supports -c -o file.o
configure:14727: g++ -c -g -O2  -o out/conftest2.o conftest.cpp >&5
configure:14731: $? = 0
configure:14753: result: yes
configure:14758: checking if g++ supports -c -o file.o
configure:14805: result: yes
configure:14835: checking whether the g++ linker (/cm/shared/apps/binutils/2.25/src/bin/ld -m elf_x86_64) supports shared libraries
configure:14875: result: yes
configure:15016: checking dynamic linker characteristics
configure:15761: result: GNU/Linux ld.so
configure:15826: checking how to hardcode library paths into programs
configure:15851: result: immediate
configure:15939: checking for gcc
configure:15966: result: gcc
configure:16195: checking for C compiler version
configure:16204: gcc --version >&5
gcc (GCC) 4.8.2
Copyright (C) 2013 Free Software Foundation, Inc.
This is free software; see the source for copying conditions.  There is NO
warranty; not even for MERCHANTABILITY or FITNESS FOR A PARTICULAR PURPOSE.

configure:16215: $? = 0
configure:16204: gcc -v >&5
Using built-in specs.
COLLECT_GCC=gcc
COLLECT_LTO_WRAPPER=/cm/shared/apps/gcc/4.8.2/libexec/gcc/x86_64-unknown-linux-gnu/4.8.2/lto-wrapper
Target: x86_64-unknown-linux-gnu
Configured with: ../gcc-4.8.2/configure --prefix=/cm/shared/apps/gcc/4.8.2 --enable-languages=c,c++,fortran --with-gmp-include=/root/rpmbuild/BUILD/gcc-4.8.2-obj/../gcc-4.8.2/our-gmp --with-gmp-lib=/root/rpmbuild/BUILD/gcc-4.8.2-obj/../gcc-4.8.2/our-gmp/.libs --with-mpc-include=/root/rpmbuild/BUILD/gcc-4.8.2-obj/../gcc-4.8.2/our-mpc/src --with-mpc-lib=/root/rpmbuild/BUILD/gcc-4.8.2-obj/../gcc-4.8.2/our-mpc/src/.libs --with-mpfr-include=/root/rpmbuild/BUILD/gcc-4.8.2-obj/../gcc-4.8.2/our-mpfr/src --with-mpfr-lib=/root/rpmbuild/BUILD/gcc-4.8.2-obj/../gcc-4.8.2/our-mpfr/src/.libs
Thread model: posix
gcc version 4.8.2 (GCC) 
configure:16215: $? = 0
configure:16204: gcc -V >&5
gcc: error: unrecognized command line option '-V'
gcc: fatal error: no input files
compilation terminated.
configure:16215: $? = 1
configure:16204: gcc -qversion >&5
gcc: error: unrecognized command line option '-qversion'
gcc: fatal error: no input files
compilation terminated.
configure:16215: $? = 1
configure:16219: checking whether we are using the GNU C compiler
configure:16247: result: yes
configure:16256: checking whether gcc accepts -g
configure:16317: result: yes
configure:16334: checking for gcc option to accept ISO C89
configure:16410: result: none needed
configure:16435: checking whether gcc understands -c and -o together
configure:16472: result: yes
configure:16491: checking dependency style of gcc
configure:16602: result: gcc3
configure:16619: checking for env
configure:16637: found /bin/env
configure:16649: result: /bin/env
configure:16676: checking for OpenMP flag of C++ compiler
configure:16720: g++ -o conftest -DNDEBUG -std=c++0x -g -O2 -fopenmp   conftest.cpp  >&5
configure:16720: $? = 0
configure:16729: result: -fopenmp
configure:16753: checking for yaggo
configure:16784: result: false
configure:16801: checking for gnuplot
configure:16834: result: no
configure:16801: checking for gnuplot5
configure:16834: result: no
configure:16801: checking for gnuplot4
configure:16834: result: no
configure:16855: checking for __int128
configure:16855: g++ -c -DNDEBUG -std=c++0x -g -O2  conftest.cpp >&5
configure:16855: $? = 0
configure:16855: g++ -c -DNDEBUG -std=c++0x -g -O2  conftest.cpp >&5
conftest.cpp: In function 'int main()':
conftest.cpp:60:14: error: expected primary-expression before '__int128'
 if (sizeof ((__int128)))
              ^
conftest.cpp:60:14: error: expected ')' before '__int128'
conftest.cpp:61:14: error: expected ')' before ';' token
      return 0;
              ^
conftest.cpp:61:14: error: expected ')' before ';' token
configure:16855: $? = 1
configure: failed program was:
| /* confdefs.h */
| #define PACKAGE_NAME "MUMmer"
| #define PACKAGE_TARNAME "mummer"
| #define PACKAGE_VERSION "4.0.0beta2"
| #define PACKAGE_STRING "MUMmer 4.0.0beta2"
| #define PACKAGE_BUGREPORT "gmarcais@umd.edu"
| #define PACKAGE_URL ""
| #define PACKAGE "mummer"
| #define VERSION "4.0.0beta2"
| #define STDC_HEADERS 1
| #define HAVE_SYS_TYPES_H 1
| #define HAVE_SYS_STAT_H 1
| #define HAVE_STDLIB_H 1
| #define HAVE_STRING_H 1
| #define HAVE_MEMORY_H 1
| #define HAVE_STRINGS_H 1
| #define HAVE_INTTYPES_H 1
| #define HAVE_STDINT_H 1
| #define HAVE_UNISTD_H 1
| #define HAVE_DLFCN_H 1
| #define LT_OBJDIR ".libs/"
| #define HAVE_OPENMP 1
| /* end confdefs.h.  */
| #include <stdio.h>
| #ifdef HAVE_SYS_TYPES_H
| # include <sys/types.h>
| #endif
| #ifdef HAVE_SYS_STAT_H
| # include <sys/stat.h>
| #endif
| #ifdef STDC_HEADERS
| # include <stdlib.h>
| # include <stddef.h>
| #else
| # ifdef HAVE_STDLIB_H
| #  include <stdlib.h>
| # endif
| #endif
| #ifdef HAVE_STRING_H
| # if !defined STDC_HEADERS && defined HAVE_MEMORY_H
| #  include <memory.h>
| # endif
| # include <string.h>
| #endif
| #ifdef HAVE_STRINGS_H
| # include <strings.h>
| #endif
| #ifdef HAVE_INTTYPES_H
| # include <inttypes.h>
| #endif
| #ifdef HAVE_STDINT_H
| # include <stdint.h>
| #endif
| #ifdef HAVE_UNISTD_H
| # include <unistd.h>
| #endif
| int
| main ()
| {
| if (sizeof ((__int128)))
| 	    return 0;
|   ;
|   return 0;
| }
configure:16855: result: yes
configure:16866: checking if std::thread::sleep_for is supported
configure:16880: g++ -c -DNDEBUG -std=c++0x -g -O2  conftest.cpp >&5
configure:16880: $? = 0
configure:16881: result: yes
configure:17115: checking for python
configure:17133: found /home-3/karoraw1@jhu.edu/scratch/miniconda2/bin/python
configure:17145: result: /home-3/karoraw1@jhu.edu/scratch/miniconda2/bin/python
configure:17161: checking for a version of Python >= '2.1.0'
configure:17187: result: yes
configure:17218: checking for the distutils Python package
configure:17222: result: yes
configure:17236: checking for Python include path
configure:17252: result: -I/home-3/karoraw1@jhu.edu/scratch/miniconda2/include/python2.7
configure:17259: checking for Python library path
configure:17336: result: -L/home-3/karoraw1@jhu.edu/scratch/miniconda2/lib -lpython2.7
configure:17343: checking for Python site-packages path
configure:17349: result: ${exec_prefix}/lib/python
configure:17356: checking python extra libraries
configure:17363: result: -lpthread -ldl -lutil -lm
configure:17370: checking python extra linking flags
configure:17377: result: -Xlinker -export-dynamic
configure:17384: checking consistency of all components of python development environment
configure:17410: gcc -o conftest -g -O2  -I/home-3/karoraw1@jhu.edu/scratch/miniconda2/include/python2.7  conftest.c  -L/home-3/karoraw1@jhu.edu/scratch/miniconda2/lib -lpython2.7 -Xlinker -export-dynamic -lpthread -ldl -lutil -lm >&5
configure:17410: $? = 0
configure:17427: result: yes
configure:17621: checking for perl
configure:17639: found /cm/shared/apps/perl/5.22.0/bin/perl
configure:17651: result: /cm/shared/apps/perl/5.22.0/bin/perl
configure:17669: checking for Perl prefix
configure:17674: result: /cm/shared/apps/perl/5.22.0
configure:17682: checking for Perl extension include path
configure:17687: result: /cm/shared/apps/perl/5.22.0/lib/5.22.0/x86_64-linux/CORE
configure:17695: checking for Perl extension target directory
configure:17700: result: /cm/shared/apps/perl/5.22.0/lib/site_perl/5.22.0/x86_64-linux
configure:17708: checking for Perl extensions C preprocessor flags
configure:17713: result: -fwrapv -fno-strict-aliasing -pipe -fstack-protector -I/usr/local/include -fwrapv -fno-strict-aliasing -pipe -fstack-protector -I/usr/local/include -D_LARGEFILE_SOURCE -D_FILE_OFFSET_BITS=64 -D_FORTIFY_SOURCE=2
configure:17721: checking for Perl extensions linker flags
configure:17734: result: -shared -O2 -L/usr/local/lib -fstack-protector
configure:17752: compiling with flags: CXXFLAGS=-DNDEBUG -std=c++0x -g -O2
configure:17866: checking that generated files are newer than configure
configure:17872: result: done
configure:17919: creating ./config.status

## ---------------------- ##
## Running config.status. ##
## ---------------------- ##

This file was extended by MUMmer config.status 4.0.0beta2, which was
generated by GNU Autoconf 2.69.  Invocation command line was

  CONFIG_FILES    = 
  CONFIG_HEADERS  = 
  CONFIG_LINKS    = 
  CONFIG_COMMANDS = 
  $ ./config.status 

on login-node03

config.status:1185: creating Makefile
config.status:1185: creating mummer.pc
config.status:1185: creating config.h
config.status:1414: executing depfiles commands
config.status:1414: executing libtool commands

## ---------------- ##
## Cache variables. ##
## ---------------- ##

ac_cv_build=x86_64-pc-linux-gnu
ac_cv_c_compiler_gnu=yes
ac_cv_cxx_compiler_gnu=yes
ac_cv_env_CCC_set=
ac_cv_env_CCC_value=
ac_cv_env_CC_set=
ac_cv_env_CC_value=
ac_cv_env_CFLAGS_set=
ac_cv_env_CFLAGS_value=
ac_cv_env_CPPFLAGS_set=
ac_cv_env_CPPFLAGS_value=
ac_cv_env_CPP_set=
ac_cv_env_CPP_value=
ac_cv_env_CXXCPP_set=
ac_cv_env_CXXCPP_value=
ac_cv_env_CXXFLAGS_set=
ac_cv_env_CXXFLAGS_value=
ac_cv_env_CXX_set=
ac_cv_env_CXX_value=
ac_cv_env_GNUPLOT_set=
ac_cv_env_GNUPLOT_value=
ac_cv_env_LDFLAGS_set=
ac_cv_env_LDFLAGS_value=
ac_cv_env_LIBS_set=
ac_cv_env_LIBS_value=
ac_cv_env_LT_SYS_LIBRARY_PATH_set=
ac_cv_env_LT_SYS_LIBRARY_PATH_value=
ac_cv_env_PERL_EXT_CPPFLAGS_set=
ac_cv_env_PERL_EXT_CPPFLAGS_value=
ac_cv_env_PERL_EXT_INC_set=
ac_cv_env_PERL_EXT_INC_value=
ac_cv_env_PERL_EXT_LDFLAGS_set=
ac_cv_env_PERL_EXT_LDFLAGS_value=
ac_cv_env_PERL_EXT_LIB_set=
ac_cv_env_PERL_EXT_LIB_value=
ac_cv_env_PERL_EXT_PREFIX_set=
ac_cv_env_PERL_EXT_PREFIX_value=
ac_cv_env_PYTHON_VERSION_set=
ac_cv_env_PYTHON_VERSION_value=
ac_cv_env_RUBY_set=
ac_cv_env_RUBY_value=
ac_cv_env_YAGGO_set=
ac_cv_env_YAGGO_value=
ac_cv_env_build_alias_set=
ac_cv_env_build_alias_value=
ac_cv_env_host_alias_set=
ac_cv_env_host_alias_value=
ac_cv_env_target_alias_set=
ac_cv_env_target_alias_value=
ac_cv_header_dlfcn_h=yes
ac_cv_header_inttypes_h=yes
ac_cv_header_memory_h=yes
ac_cv_header_stdc=yes
ac_cv_header_stdint_h=yes
ac_cv_header_stdlib_h=yes
ac_cv_header_string_h=yes
ac_cv_header_strings_h=yes
ac_cv_header_sys_stat_h=yes
ac_cv_header_sys_types_h=yes
ac_cv_header_unistd_h=yes
ac_cv_host=x86_64-pc-linux-gnu
ac_cv_objext=o
ac_cv_path_EGREP='/bin/grep -E'
ac_cv_path_ENV_PROG=/bin/env
ac_cv_path_FGREP='/bin/grep -F'
ac_cv_path_GREP=/bin/grep
ac_cv_path_PERL=/cm/shared/apps/perl/5.22.0/bin/perl
ac_cv_path_PYTHON=/home-3/karoraw1@jhu.edu/scratch/miniconda2/bin/python
ac_cv_path_SED=/bin/sed
ac_cv_path_YAGGO=false
ac_cv_path_install='/usr/bin/install -c'
ac_cv_path_lt_DD=/bin/dd
ac_cv_path_mkdir=/bin/mkdir
ac_cv_prog_AWK=gawk
ac_cv_prog_CPP='gcc -E'
ac_cv_prog_CXXCPP='g++ -E'
ac_cv_prog_ac_ct_AR=ar
ac_cv_prog_ac_ct_CC=gcc
ac_cv_prog_ac_ct_CXX=g++
ac_cv_prog_ac_ct_OBJDUMP=objdump
ac_cv_prog_ac_ct_RANLIB=ranlib
ac_cv_prog_ac_ct_STRIP=strip
ac_cv_prog_cc_c89=
ac_cv_prog_cc_g=yes
ac_cv_prog_cxx_g=yes
ac_cv_prog_make_make_set=yes
ac_cv_type___int128=yes
am_cv_CC_dependencies_compiler_type=gcc3
am_cv_CXX_dependencies_compiler_type=gcc3
am_cv_make_support_nested_variables=yes
am_cv_prog_cc_c_o=yes
ax_cv_cxx_openmp=-fopenmp
lt_cv_ar_at_file=@
lt_cv_archive_cmds_need_lc=no
lt_cv_deplibs_check_method=pass_all
lt_cv_file_magic_cmd='$MAGIC_CMD'
lt_cv_file_magic_test_file=
lt_cv_ld_reload_flag=-r
lt_cv_nm_interface='BSD nm'
lt_cv_objdir=.libs
lt_cv_path_LD=/cm/shared/apps/binutils/2.25/src/bin/ld
lt_cv_path_LDCXX='/cm/shared/apps/binutils/2.25/src/bin/ld -m elf_x86_64'
lt_cv_path_NM='/cm/shared/apps/binutils/2.25/src/bin/nm -B'
lt_cv_path_mainfest_tool=no
lt_cv_prog_compiler_c_o=yes
lt_cv_prog_compiler_c_o_CXX=yes
lt_cv_prog_compiler_pic='-fPIC -DPIC'
lt_cv_prog_compiler_pic_CXX='-fPIC -DPIC'
lt_cv_prog_compiler_pic_works=yes
lt_cv_prog_compiler_pic_works_CXX=yes
lt_cv_prog_compiler_rtti_exceptions=no
lt_cv_prog_compiler_static_works=no
lt_cv_prog_compiler_static_works_CXX=no
lt_cv_prog_gnu_ld=yes
lt_cv_prog_gnu_ldcxx=yes
lt_cv_sharedlib_from_linklib_cmd='printf %s\n'
lt_cv_shlibpath_overrides_runpath=no
lt_cv_sys_global_symbol_pipe='sed -n -e '\''s/^.*[	 ]\([ABCDGIRSTW][ABCDGIRSTW]*\)[	 ][	 ]*\([_A-Za-z][_A-Za-z0-9]*\)$/\1 \2 \2/p'\'' | sed '\''/ __gnu_lto/d'\'''
lt_cv_sys_global_symbol_to_c_name_address='sed -n -e '\''s/^: \(.*\) .*$/  {"\1", (void *) 0},/p'\'' -e '\''s/^[ABCDGIRSTW][ABCDGIRSTW]* .* \(.*\)$/  {"\1", (void *) \&\1},/p'\'''
lt_cv_sys_global_symbol_to_c_name_address_lib_prefix='sed -n -e '\''s/^: \(.*\) .*$/  {"\1", (void *) 0},/p'\'' -e '\''s/^[ABCDGIRSTW][ABCDGIRSTW]* .* \(lib.*\)$/  {"\1", (void *) \&\1},/p'\'' -e '\''s/^[ABCDGIRSTW][ABCDGIRSTW]* .* \(.*\)$/  {"lib\1", (void *) \&\1},/p'\'''
lt_cv_sys_global_symbol_to_cdecl='sed -n -e '\''s/^T .* \(.*\)$/extern int \1();/p'\'' -e '\''s/^[ABCDGIRSTW][ABCDGIRSTW]* .* \(.*\)$/extern char \1;/p'\'''
lt_cv_sys_global_symbol_to_import=
lt_cv_sys_max_cmd_len=3458764513820540925
lt_cv_to_host_file_cmd=func_convert_file_noop
lt_cv_to_tool_file_cmd=func_convert_file_noop
lt_cv_truncate_bin='/bin/dd bs=4096 count=1'

## ----------------- ##
## Output variables. ##
## ----------------- ##

ACLOCAL='${SHELL} /home-3/karoraw1@jhu.edu/scratch/THRASH_LIBS/mummer-4.0.0beta2/missing aclocal-1.15'
AMDEPBACKSLASH='\'
AMDEP_FALSE='#'
AMDEP_TRUE=''
AMTAR='$${TAR-tar}'
AM_BACKSLASH='\'
AM_DEFAULT_V='$(AM_DEFAULT_VERBOSITY)'
AM_DEFAULT_VERBOSITY='0'
AM_V='$(V)'
AR='ar'
AUTOCONF='${SHELL} /home-3/karoraw1@jhu.edu/scratch/THRASH_LIBS/mummer-4.0.0beta2/missing autoconf'
AUTOHEADER='${SHELL} /home-3/karoraw1@jhu.edu/scratch/THRASH_LIBS/mummer-4.0.0beta2/missing autoheader'
AUTOMAKE='${SHELL} /home-3/karoraw1@jhu.edu/scratch/THRASH_LIBS/mummer-4.0.0beta2/missing automake-1.15'
AWK='gawk'
CC='gcc'
CCDEPMODE='depmode=gcc3'
CFLAGS='-g -O2'
CPP='gcc -E'
CPPFLAGS=''
CXX='g++'
CXXCPP='g++ -E'
CXXDEPMODE='depmode=gcc3'
CXXFLAGS='-DNDEBUG -std=c++0x -g -O2'
CYGPATH_W='echo'
DEFS='-DHAVE_CONFIG_H'
DEPDIR='.deps'
DLLTOOL='false'
DSYMUTIL=''
DUMPBIN=''
ECHO_C=''
ECHO_N='-n'
ECHO_T=''
EGREP='/bin/grep -E'
ENV_PROG='/bin/env'
EXEEXT=''
EXTRA_CXXFLAGS=' -fopenmp'
FGREP='/bin/grep -F'
GNUPLOT='false'
GREP='/bin/grep'
HAVE_SWIG_FALSE=''
HAVE_SWIG_TRUE='#'
INSTALL_DATA='${INSTALL} -m 644'
INSTALL_PROGRAM='${INSTALL}'
INSTALL_SCRIPT='${INSTALL}'
INSTALL_STRIP_PROGRAM='$(install_sh) -c -s'
LD='/cm/shared/apps/binutils/2.25/src/bin/ld -m elf_x86_64'
LDFLAGS=''
LIBOBJS=''
LIBS=''
LIBTOOL='$(SHELL) $(top_builddir)/libtool'
LIPO=''
LN_S='ln -s'
LTLIBOBJS=''
LT_SYS_LIBRARY_PATH=''
MAKEINFO='${SHELL} /home-3/karoraw1@jhu.edu/scratch/THRASH_LIBS/mummer-4.0.0beta2/missing makeinfo'
MANIFEST_TOOL=':'
MKDIR_P='/bin/mkdir -p'
NM='/cm/shared/apps/binutils/2.25/src/bin/nm -B'
NMEDIT=''
OBJDUMP='objdump'
OBJEXT='o'
OTOOL64=''
OTOOL=''
PACKAGE='mummer'
PACKAGE_BUGREPORT='gmarcais@umd.edu'
PACKAGE_NAME='MUMmer'
PACKAGE_STRING='MUMmer 4.0.0beta2'
PACKAGE_TARNAME='mummer'
PACKAGE_URL=''
PACKAGE_VERSION='4.0.0beta2'
PATH_SEPARATOR=':'
PERL='/cm/shared/apps/perl/5.22.0/bin/perl'
PERL_BINDING_FALSE=''
PERL_BINDING_TRUE='#'
PERL_EXT_CPPFLAGS='-fwrapv -fno-strict-aliasing -pipe -fstack-protector -I/usr/local/include -fwrapv -fno-strict-aliasing -pipe -fstack-protector -I/usr/local/include -D_LARGEFILE_SOURCE -D_FILE_OFFSET_BITS=64 -D_FORTIFY_SOURCE=2'
PERL_EXT_INC='/cm/shared/apps/perl/5.22.0/lib/5.22.0/x86_64-linux/CORE'
PERL_EXT_LDFLAGS='-shared -O2 -L/usr/local/lib -fstack-protector'
PERL_EXT_LIB='/cm/shared/apps/perl/5.22.0/lib/site_perl/5.22.0/x86_64-linux'
PERL_EXT_PREFIX='/cm/shared/apps/perl/5.22.0'
PYTHON='/home-3/karoraw1@jhu.edu/scratch/miniconda2/bin/python'
PYTHON_BINDING_FALSE='#'
PYTHON_BINDING_TRUE=''
PYTHON_CPPFLAGS='-I/home-3/karoraw1@jhu.edu/scratch/miniconda2/include/python2.7'
PYTHON_EXTRA_LDFLAGS='-Xlinker -export-dynamic'
PYTHON_EXTRA_LIBS='-lpthread -ldl -lutil -lm'
PYTHON_LDFLAGS='-L/home-3/karoraw1@jhu.edu/scratch/miniconda2/lib -lpython2.7'
PYTHON_SITE_PKG='${exec_prefix}/lib/python'
PYTHON_VERSION=''
RANLIB='ranlib'
RUBY=''
RUBY_BINDING_FALSE=''
RUBY_BINDING_TRUE='#'
RUBY_EXT_CFLAGS=''
RUBY_EXT_LDFLAGS=''
RUBY_EXT_LIB=''
RUBY_EXT_LIBS=''
RUBY_VERSION=''
SED='/bin/sed'
SET_MAKE=''
SHELL='/bin/sh'
STRIP='strip'
SWIG=''
SWIG_LIB=''
VERSION='4.0.0beta2'
YAGGO='false'
ac_ct_AR='ar'
ac_ct_CC='gcc'
ac_ct_CXX='g++'
ac_ct_DUMPBIN=''
am__EXEEXT_FALSE=''
am__EXEEXT_TRUE='#'
am__fastdepCC_FALSE='#'
am__fastdepCC_TRUE=''
am__fastdepCXX_FALSE='#'
am__fastdepCXX_TRUE=''
am__include='include'
am__isrc=''
am__leading_dot='.'
am__nodep='_no'
am__quote=''
am__tar='$${TAR-tar} chof - "$$tardir"'
am__untar='$${TAR-tar} xf -'
bindir='${exec_prefix}/bin'
build='x86_64-pc-linux-gnu'
build_alias=''
build_cpu='x86_64'
build_os='linux-gnu'
build_vendor='pc'
datadir='${datarootdir}'
datarootdir='${prefix}/share'
docdir='${datarootdir}/doc/${PACKAGE_TARNAME}'
dvidir='${docdir}'
exec_prefix='${prefix}'
host='x86_64-pc-linux-gnu'
host_alias=''
host_cpu='x86_64'
host_os='linux-gnu'
host_vendor='pc'
htmldir='${docdir}'
includedir='${prefix}/include'
infodir='${datarootdir}/info'
install_sh='${SHELL} /home-3/karoraw1@jhu.edu/scratch/THRASH_LIBS/mummer-4.0.0beta2/install-sh'
libdir='${exec_prefix}/lib'
libexecdir='${exec_prefix}/libexec'
localedir='${datarootdir}/locale'
localstatedir='${prefix}/var'
mandir='${datarootdir}/man'
mkdir_p='$(MKDIR_P)'
oldincludedir='/usr/include'
pdfdir='${docdir}'
prefix='/home-3/karoraw1@jhu.edu/MUMer'
program_transform_name='s,x,x,'
psdir='${docdir}'
sbindir='${exec_prefix}/sbin'
sharedstatedir='${prefix}/com'
sysconfdir='${prefix}/etc'
target_alias=''

## ----------- ##
## confdefs.h. ##
## ----------- ##

/* confdefs.h */
#define PACKAGE_NAME "MUMmer"
#define PACKAGE_TARNAME "mummer"
#define PACKAGE_VERSION "4.0.0beta2"
#define PACKAGE_STRING "MUMmer 4.0.0beta2"
#define PACKAGE_BUGREPORT "gmarcais@umd.edu"
#define PACKAGE_URL ""
#define PACKAGE "mummer"
#define VERSION "4.0.0beta2"
#define STDC_HEADERS 1
#define HAVE_SYS_TYPES_H 1
#define HAVE_SYS_STAT_H 1
#define HAVE_STDLIB_H 1
#define HAVE_STRING_H 1
#define HAVE_MEMORY_H 1
#define HAVE_STRINGS_H 1
#define HAVE_INTTYPES_H 1
#define HAVE_STDINT_H 1
#define HAVE_UNISTD_H 1
#define HAVE_DLFCN_H 1
#define LT_OBJDIR ".libs/"
#define HAVE_OPENMP 1
#define HAVE_INT128 1
#define HAVE_PYTHON "2.7"

configure: exit 0
