13663106 reads; of these:
  13663106 (100.00%) were paired; of these:
    13662755 (100.00%) aligned concordantly 0 times
    351 (0.00%) aligned concordantly exactly 1 time
    0 (0.00%) aligned concordantly >1 times
    ----
    13662755 pairs aligned concordantly 0 times; of these:
      10 (0.00%) aligned discordantly 1 time
    ----
    13662745 pairs aligned 0 times concordantly or discordantly; of these:
      27325490 mates make up the pairs; of these:
        27325412 (100.00%) aligned 0 times
        78 (0.00%) aligned exactly 1 time
        0 (0.00%) aligned >1 times
0.00% overall alignment rate
11040193 reads; of these:
  11040193 (100.00%) were paired; of these:
    11039407 (99.99%) aligned concordantly 0 times
    786 (0.01%) aligned concordantly exactly 1 time
    0 (0.00%) aligned concordantly >1 times
    ----
    11039407 pairs aligned concordantly 0 times; of these:
      33 (0.00%) aligned discordantly 1 time
    ----
    11039374 pairs aligned 0 times concordantly or discordantly; of these:
      22078748 mates make up the pairs; of these:
        22078617 (100.00%) aligned 0 times
        131 (0.00%) aligned exactly 1 time
        0 (0.00%) aligned >1 times
0.01% overall alignment rate
Error: Unable to open file .bed. Exiting.
Error: Unable to open file .bed. Exiting.
